  [1m[35m (0.4ms)[0m  [1m[34mSELECT sqlite_version(*)[0m
  [1m[35m (1.4ms)[0m  [1m[35mCREATE TABLE "schema_migrations" ("version" varchar NOT NULL PRIMARY KEY)[0m
  [1m[35m (1.0ms)[0m  [1m[35mCREATE TABLE "ar_internal_metadata" ("key" varchar NOT NULL PRIMARY KEY, "value" varchar, "created_at" datetime(6) NOT NULL, "updated_at" datetime(6) NOT NULL)[0m
  [1m[36mActiveRecord::InternalMetadata Load (0.2ms)[0m  [1m[34mSELECT "ar_internal_metadata".* FROM "ar_internal_metadata" WHERE "ar_internal_metadata"."key" = ? LIMIT ?[0m  [["key", "environment"], ["LIMIT", 1]]
  [1m[35m (0.0ms)[0m  [1m[36mbegin transaction[0m
  [1m[36mActiveRecord::InternalMetadata Create (0.3ms)[0m  [1m[32mINSERT INTO "ar_internal_metadata" ("key", "value", "created_at", "updated_at") VALUES (?, ?, ?, ?)[0m  [["key", "environment"], ["value", "development"], ["created_at", "2020-01-29 07:58:14.342854"], ["updated_at", "2020-01-29 07:58:14.342854"]]
  [1m[35m (0.9ms)[0m  [1m[36mcommit transaction[0m
  [1m[35m (0.0ms)[0m  [1m[34mSELECT sqlite_version(*)[0m
  [1m[35m (0.1ms)[0m  [1m[34mSELECT "schema_migrations"."version" FROM "schema_migrations" ORDER BY "schema_migrations"."version" ASC[0m
Started GET "/" for ::1 at 2020-01-29 20:50:04 +0900
  [1m[35m (0.6ms)[0m  [1m[34mSELECT sqlite_version(*)[0m
Processing by Rails::WelcomeController#index as HTML
  Rendering /Users/nakamura.hiroshi/.rbenv/versions/2.6.5/lib/ruby/gems/2.6.0/gems/railties-6.0.2.1/lib/rails/templates/rails/welcome/index.html.erb
  Rendered /Users/nakamura.hiroshi/.rbenv/versions/2.6.5/lib/ruby/gems/2.6.0/gems/railties-6.0.2.1/lib/rails/templates/rails/welcome/index.html.erb (Duration: 11.3ms | Allocations: 483)
Completed 200 OK in 28ms (Views: 18.8ms | ActiveRecord: 0.0ms | Allocations: 2829)


  [1m[35m (0.5ms)[0m  [1m[34mSELECT sqlite_version(*)[0m
  [1m[35m (0.3ms)[0m  [1m[34mSELECT "schema_migrations"."version" FROM "schema_migrations" ORDER BY "schema_migrations"."version" ASC[0m
Migrating to DeviseCreateUsers (20200129145620)
  [1m[35m (0.0ms)[0m  [1m[36mbegin transaction[0m
  [1m[35m (0.4ms)[0m  [1m[35mCREATE TABLE "users" ("id" integer PRIMARY KEY AUTOINCREMENT NOT NULL, "email" varchar DEFAULT '' NOT NULL, "encrypted_password" varchar DEFAULT '' NOT NULL, "reset_password_token" varchar, "reset_password_sent_at" datetime, "remember_created_at" datetime, "created_at" datetime(6) NOT NULL, "updated_at" datetime(6) NOT NULL)[0m
  [1m[35m (0.1ms)[0m  [1m[35mCREATE UNIQUE INDEX "index_users_on_email" ON "users" ("email")[0m
  [1m[35m (0.1ms)[0m  [1m[35mCREATE UNIQUE INDEX "index_users_on_reset_password_token" ON "users" ("reset_password_token")[0m
  [1m[36mprimary::SchemaMigration Create (0.3ms)[0m  [1m[32mINSERT INTO "schema_migrations" ("version") VALUES (?)[0m  [["version", "20200129145620"]]
  [1m[35m (0.6ms)[0m  [1m[36mcommit transaction[0m
  [1m[36mActiveRecord::InternalMetadata Load (0.2ms)[0m  [1m[34mSELECT "ar_internal_metadata".* FROM "ar_internal_metadata" WHERE "ar_internal_metadata"."key" = ? LIMIT ?[0m  [["key", "environment"], ["LIMIT", 1]]
  [1m[35m (0.0ms)[0m  [1m[34mSELECT sqlite_version(*)[0m
  [1m[35m (0.1ms)[0m  [1m[34mSELECT "schema_migrations"."version" FROM "schema_migrations" ORDER BY "schema_migrations"."version" ASC[0m
Started GET "/" for ::1 at 2020-01-29 23:58:37 +0900
  [1m[35m (0.8ms)[0m  [1m[34mSELECT sqlite_version(*)[0m
  [1m[35m (0.4ms)[0m  [1m[34mSELECT "schema_migrations"."version" FROM "schema_migrations" ORDER BY "schema_migrations"."version" ASC[0m
Processing by WelcomeController#index as HTML
  Rendering welcome/index.html.erb within layouts/application
  Rendered welcome/index.html.erb within layouts/application (Duration: 1.7ms | Allocations: 441)
[Webpacker] Compiling...
[Webpacker] Compiled all packs in /Users/nakamura.hiroshi/dev/rubymineproject/mandalart-tool/public/packs
[Webpacker] Hash: 53154d7baad00c6a1252
Version: webpack 4.41.5
Time: 1623ms
Built at: 2020-01-29 11:58:41 PM
                                     Asset       Size       Chunks                         Chunk Names
    js/application-0b67a3cc2fcde6055024.js    124 KiB  application  [emitted] [immutable]  application
js/application-0b67a3cc2fcde6055024.js.map    139 KiB  application  [emitted] [dev]        application
                             manifest.json  364 bytes               [emitted]              
Entrypoint application = js/application-0b67a3cc2fcde6055024.js js/application-0b67a3cc2fcde6055024.js.map
[./app/javascript/channels sync recursive _channel\.js$] ./app/javascript/channels sync _channel\.js$ 160 bytes {application} [built]
[./app/javascript/channels/index.js] 211 bytes {application} [built]
[./app/javascript/packs/application.js] 749 bytes {application} [built]
[./node_modules/webpack/buildin/module.js] (webpack)/buildin/module.js 552 bytes {application} [built]
    + 3 hidden modules

Completed 200 OK in 3833ms (Views: 3827.1ms | ActiveRecord: 0.0ms | Allocations: 21263)


Started GET "/" for ::1 at 2020-01-29 23:59:31 +0900
Processing by WelcomeController#index as HTML
  Rendering welcome/index.html.erb within layouts/application
  Rendered welcome/index.html.erb within layouts/application (Duration: 2.8ms | Allocations: 367)
[Webpacker] Everything's up-to-date. Nothing to do
Completed 200 OK in 15ms (Views: 13.8ms | ActiveRecord: 0.0ms | Allocations: 5346)


Started GET "/users/sign_up" for ::1 at 2020-01-29 23:59:33 +0900
Processing by Devise::RegistrationsController#new as HTML
  Rendering devise/registrations/new.html.erb within layouts/application
  Rendered devise/shared/_error_messages.html.erb (Duration: 0.8ms | Allocations: 207)
  Rendered devise/shared/_links.html.erb (Duration: 1.1ms | Allocations: 522)
  Rendered devise/registrations/new.html.erb within layouts/application (Duration: 29.1ms | Allocations: 8901)
[Webpacker] Everything's up-to-date. Nothing to do
Completed 200 OK in 44ms (Views: 36.4ms | ActiveRecord: 0.6ms | Allocations: 19554)


Started GET "/users/sign_in" for ::1 at 2020-01-29 23:59:37 +0900
Processing by Devise::SessionsController#new as HTML
  Rendering devise/sessions/new.html.erb within layouts/application
  Rendered devise/shared/_links.html.erb (Duration: 0.4ms | Allocations: 214)
  Rendered devise/sessions/new.html.erb within layouts/application (Duration: 6.8ms | Allocations: 2032)
[Webpacker] Everything's up-to-date. Nothing to do
Completed 200 OK in 19ms (Views: 15.6ms | ActiveRecord: 0.0ms | Allocations: 7406)


Started GET "/users/sign_up" for ::1 at 2020-01-30 00:00:30 +0900
Processing by Devise::RegistrationsController#new as HTML
  Rendering devise/registrations/new.html.erb within layouts/application
  Rendered devise/shared/_error_messages.html.erb (Duration: 0.5ms | Allocations: 15)
  Rendered devise/shared/_links.html.erb (Duration: 0.2ms | Allocations: 79)
  Rendered devise/registrations/new.html.erb within layouts/application (Duration: 3.8ms | Allocations: 1082)
[Webpacker] Everything's up-to-date. Nothing to do
Completed 200 OK in 16ms (Views: 14.6ms | ActiveRecord: 0.0ms | Allocations: 5198)


Started POST "/users" for ::1 at 2020-01-30 00:01:02 +0900
Processing by Devise::RegistrationsController#create as HTML
  Parameters: {"authenticity_token"=>"TZYDvzmYhzHS2PQ69cDGgp46KvvDxsZmjUPixQbXlbUR8Z7+fVltpqifIpN97O4wO8+NqNiukaCWxj8Xsl+1Rw==", "user"=>{"email"=>"higatoko83@gmail.com", "password"=>"[FILTERED]", "password_confirmation"=>"[FILTERED]"}, "commit"=>"Sign up"}
  [1m[35m (0.1ms)[0m  [1m[36mbegin transaction[0m
  [1m[36mUser Exists? (0.5ms)[0m  [1m[34mSELECT 1 AS one FROM "users" WHERE "users"."email" = ? LIMIT ?[0m  [["email", "higatoko83@gmail.com"], ["LIMIT", 1]]
  [1m[36mUser Create (1.0ms)[0m  [1m[32mINSERT INTO "users" ("email", "encrypted_password", "created_at", "updated_at") VALUES (?, ?, ?, ?)[0m  [["email", "higatoko83@gmail.com"], ["encrypted_password", "$2a$11$C1bvbL/zdNu.TT4lt6Fjo.TRKzKZTsW/lXaC8ufdfExqIF5bjn2ZO"], ["created_at", "2020-01-29 15:01:03.276352"], ["updated_at", "2020-01-29 15:01:03.276352"]]
  [1m[35m (0.8ms)[0m  [1m[36mcommit transaction[0m
Redirected to http://localhost:3000/
Completed 302 Found in 426ms (ActiveRecord: 2.4ms | Allocations: 10687)


Started GET "/" for ::1 at 2020-01-30 00:01:03 +0900
Processing by WelcomeController#index as HTML
  Rendering welcome/index.html.erb within layouts/application
  [1m[36mUser Load (0.2ms)[0m  [1m[34mSELECT "users".* FROM "users" WHERE "users"."id" = ? ORDER BY "users"."id" ASC LIMIT ?[0m  [["id", 1], ["LIMIT", 1]]
  ↳ app/views/welcome/index.html.erb:4
  Rendered welcome/index.html.erb within layouts/application (Duration: 3.2ms | Allocations: 1037)
[Webpacker] Everything's up-to-date. Nothing to do
Completed 200 OK in 14ms (Views: 12.7ms | ActiveRecord: 0.2ms | Allocations: 4971)


Started GET "/users/edit" for ::1 at 2020-01-30 00:01:47 +0900
Processing by Devise::RegistrationsController#edit as HTML
  [1m[36mUser Load (0.1ms)[0m  [1m[34mSELECT "users".* FROM "users" WHERE "users"."id" = ? ORDER BY "users"."id" ASC LIMIT ?[0m  [["id", 1], ["LIMIT", 1]]
  Rendering devise/registrations/edit.html.erb within layouts/application
  Rendered devise/shared/_error_messages.html.erb (Duration: 0.0ms | Allocations: 15)
  Rendered devise/registrations/edit.html.erb within layouts/application (Duration: 3.6ms | Allocations: 1893)
[Webpacker] Everything's up-to-date. Nothing to do
Completed 200 OK in 12ms (Views: 9.5ms | ActiveRecord: 0.1ms | Allocations: 7421)


Started DELETE "/users" for ::1 at 2020-01-30 00:02:13 +0900
Processing by Devise::RegistrationsController#destroy as HTML
  Parameters: {"authenticity_token"=>"zowm4+Xb9nSMX2dN8bVagsr3gzl85Krwu9qfeY5uunaMoSDrg2WN5HGeQITASJR6GCVIg6nsHzfFO3VY2A1xKg=="}
  [1m[36mUser Load (0.1ms)[0m  [1m[34mSELECT "users".* FROM "users" WHERE "users"."id" = ? ORDER BY "users"."id" ASC LIMIT ?[0m  [["id", 1], ["LIMIT", 1]]
  [1m[35m (0.1ms)[0m  [1m[36mbegin transaction[0m
  [1m[36mUser Destroy (0.6ms)[0m  [1m[31mDELETE FROM "users" WHERE "users"."id" = ?[0m  [["id", 1]]
  [1m[35m (4.2ms)[0m  [1m[36mcommit transaction[0m
Redirected to http://localhost:3000/
Completed 302 Found in 20ms (ActiveRecord: 5.0ms | Allocations: 7857)


Started GET "/" for ::1 at 2020-01-30 00:02:14 +0900
Processing by WelcomeController#index as HTML
  Rendering welcome/index.html.erb within layouts/application
  Rendered welcome/index.html.erb within layouts/application (Duration: 0.3ms | Allocations: 146)
[Webpacker] Everything's up-to-date. Nothing to do
Completed 200 OK in 12ms (Views: 11.0ms | ActiveRecord: 0.0ms | Allocations: 4081)


Started GET "/users/sign_up" for ::1 at 2020-01-30 00:02:18 +0900
Processing by Devise::RegistrationsController#new as HTML
  Rendering devise/registrations/new.html.erb within layouts/application
  Rendered devise/shared/_error_messages.html.erb (Duration: 0.0ms | Allocations: 15)
  Rendered devise/shared/_links.html.erb (Duration: 0.2ms | Allocations: 78)
  Rendered devise/registrations/new.html.erb within layouts/application (Duration: 3.2ms | Allocations: 1072)
[Webpacker] Everything's up-to-date. Nothing to do
Completed 200 OK in 14ms (Views: 13.0ms | ActiveRecord: 0.0ms | Allocations: 5169)


Started POST "/users" for ::1 at 2020-01-30 00:02:28 +0900
Processing by Devise::RegistrationsController#create as HTML
  Parameters: {"authenticity_token"=>"hZrgVwcAOhMvlBMKgRmXG0eDm85YdfJBQNLHqqFtBOIWyg05U6f6aeptpYcameFYXxtDv1XLESBvgDllJEQhmg==", "user"=>{"email"=>"higatoko83@gmail.com", "password"=>"[FILTERED]", "password_confirmation"=>"[FILTERED]"}, "commit"=>"Sign up"}
  [1m[35m (0.0ms)[0m  [1m[36mbegin transaction[0m
  [1m[36mUser Exists? (0.2ms)[0m  [1m[34mSELECT 1 AS one FROM "users" WHERE "users"."email" = ? LIMIT ?[0m  [["email", "higatoko83@gmail.com"], ["LIMIT", 1]]
  [1m[36mUser Create (0.7ms)[0m  [1m[32mINSERT INTO "users" ("email", "encrypted_password", "created_at", "updated_at") VALUES (?, ?, ?, ?)[0m  [["email", "higatoko83@gmail.com"], ["encrypted_password", "$2a$11$qR0A4eLb5sZJDl7GVmb8fOLuMbYmbM2otyTU3cGDKELYl2vldqwmO"], ["created_at", "2020-01-29 15:02:29.111844"], ["updated_at", "2020-01-29 15:02:29.111844"]]
  [1m[35m (1.0ms)[0m  [1m[36mcommit transaction[0m
Redirected to http://localhost:3000/
Completed 302 Found in 134ms (ActiveRecord: 2.0ms | Allocations: 6745)


Started GET "/" for ::1 at 2020-01-30 00:02:29 +0900
Processing by WelcomeController#index as HTML
  Rendering welcome/index.html.erb within layouts/application
  [1m[36mUser Load (0.1ms)[0m  [1m[34mSELECT "users".* FROM "users" WHERE "users"."id" = ? ORDER BY "users"."id" ASC LIMIT ?[0m  [["id", 2], ["LIMIT", 1]]
  ↳ app/views/welcome/index.html.erb:4
  Rendered welcome/index.html.erb within layouts/application (Duration: 2.2ms | Allocations: 932)
[Webpacker] Everything's up-to-date. Nothing to do
Completed 200 OK in 12ms (Views: 11.3ms | ActiveRecord: 0.1ms | Allocations: 4872)


Started GET "/users/edit" for ::1 at 2020-01-30 00:02:30 +0900
Processing by Devise::RegistrationsController#edit as HTML
  [1m[36mUser Load (0.1ms)[0m  [1m[34mSELECT "users".* FROM "users" WHERE "users"."id" = ? ORDER BY "users"."id" ASC LIMIT ?[0m  [["id", 2], ["LIMIT", 1]]
  Rendering devise/registrations/edit.html.erb within layouts/application
  Rendered devise/shared/_error_messages.html.erb (Duration: 0.0ms | Allocations: 15)
  Rendered devise/registrations/edit.html.erb within layouts/application (Duration: 1.8ms | Allocations: 1380)
[Webpacker] Everything's up-to-date. Nothing to do
Completed 200 OK in 9ms (Views: 7.1ms | ActiveRecord: 0.1ms | Allocations: 6769)


Started GET "/" for ::1 at 2020-01-30 00:02:34 +0900
Processing by WelcomeController#index as HTML
  Rendering welcome/index.html.erb within layouts/application
  [1m[36mUser Load (0.1ms)[0m  [1m[34mSELECT "users".* FROM "users" WHERE "users"."id" = ? ORDER BY "users"."id" ASC LIMIT ?[0m  [["id", 2], ["LIMIT", 1]]
  ↳ app/views/welcome/index.html.erb:4
  Rendered welcome/index.html.erb within layouts/application (Duration: 1.8ms | Allocations: 929)
[Webpacker] Everything's up-to-date. Nothing to do
Completed 200 OK in 9ms (Views: 8.0ms | ActiveRecord: 0.1ms | Allocations: 4849)


Started DELETE "/users/sign_out" for ::1 at 2020-01-30 00:02:35 +0900
Processing by Devise::SessionsController#destroy as HTML
  Parameters: {"authenticity_token"=>"1HnBsCtOfErhFaAUQ4NfSztkZUjgGzVbg3j1vDZUTdUHyvc8+mY4JX6GL65I5QKBNACyDbdpw7Xhix0jTB3XRg=="}
  [1m[36mUser Load (0.1ms)[0m  [1m[34mSELECT "users".* FROM "users" WHERE "users"."id" = ? ORDER BY "users"."id" ASC LIMIT ?[0m  [["id", 2], ["LIMIT", 1]]
Redirected to http://localhost:3000/
Completed 302 Found in 3ms (ActiveRecord: 0.1ms | Allocations: 2201)


Started GET "/" for ::1 at 2020-01-30 00:02:35 +0900
Processing by WelcomeController#index as HTML
  Rendering welcome/index.html.erb within layouts/application
  Rendered welcome/index.html.erb within layouts/application (Duration: 0.3ms | Allocations: 139)
[Webpacker] Everything's up-to-date. Nothing to do
Completed 200 OK in 7ms (Views: 6.3ms | ActiveRecord: 0.0ms | Allocations: 4064)


Started GET "/users/sign_in" for ::1 at 2020-01-30 00:02:37 +0900
Processing by Devise::SessionsController#new as HTML
  Rendering devise/sessions/new.html.erb within layouts/application
  Rendered devise/shared/_links.html.erb (Duration: 0.2ms | Allocations: 134)
  Rendered devise/sessions/new.html.erb within layouts/application (Duration: 1.5ms | Allocations: 1071)
[Webpacker] Everything's up-to-date. Nothing to do
Completed 200 OK in 8ms (Views: 7.1ms | ActiveRecord: 0.0ms | Allocations: 5243)


Started POST "/users/sign_in" for ::1 at 2020-01-30 00:02:49 +0900
Processing by Devise::SessionsController#create as HTML
  Parameters: {"authenticity_token"=>"i1sV6OVghqESdhQ1hI4pe0XFpflFwHrYyM7Zbig8cJmSEcOxLngT86TpzkeQ0/xvghbEs03X+Fv9WnJAWRWTNA==", "user"=>{"email"=>"higatoko83@gmail.com", "password"=>"[FILTERED]", "remember_me"=>"0"}, "commit"=>"Log in"}
  [1m[36mUser Load (0.2ms)[0m  [1m[34mSELECT "users".* FROM "users" WHERE "users"."email" = ? ORDER BY "users"."id" ASC LIMIT ?[0m  [["email", "higatoko83@gmail.com"], ["LIMIT", 1]]
Redirected to http://localhost:3000/
Completed 302 Found in 131ms (ActiveRecord: 0.2ms | Allocations: 5114)


Started GET "/" for ::1 at 2020-01-30 00:02:49 +0900
Processing by WelcomeController#index as HTML
  Rendering welcome/index.html.erb within layouts/application
  [1m[36mUser Load (0.1ms)[0m  [1m[34mSELECT "users".* FROM "users" WHERE "users"."id" = ? ORDER BY "users"."id" ASC LIMIT ?[0m  [["id", 2], ["LIMIT", 1]]
  ↳ app/views/welcome/index.html.erb:4
  Rendered welcome/index.html.erb within layouts/application (Duration: 1.0ms | Allocations: 929)
[Webpacker] Everything's up-to-date. Nothing to do
Completed 200 OK in 6ms (Views: 5.6ms | ActiveRecord: 0.1ms | Allocations: 4860)


Started GET "/users/edit" for ::1 at 2020-01-30 08:39:56 +0900
  [1m[35m (0.1ms)[0m  [1m[34mSELECT sqlite_version(*)[0m
Processing by Devise::RegistrationsController#edit as HTML
  [1m[36mUser Load (0.4ms)[0m  [1m[34mSELECT "users".* FROM "users" WHERE "users"."id" = ? ORDER BY "users"."id" ASC LIMIT ?[0m  [["id", 2], ["LIMIT", 1]]
  Rendering devise/registrations/edit.html.erb within layouts/application
  Rendered devise/shared/_error_messages.html.erb (Duration: 0.0ms | Allocations: 15)
  Rendered devise/registrations/edit.html.erb within layouts/application (Duration: 1.9ms | Allocations: 1380)
[Webpacker] Everything's up-to-date. Nothing to do
Completed 200 OK in 24ms (Views: 20.8ms | ActiveRecord: 0.4ms | Allocations: 6786)


Started GET "/" for ::1 at 2020-01-30 08:39:59 +0900
Processing by WelcomeController#index as HTML
  Rendering welcome/index.html.erb within layouts/application
  [1m[36mUser Load (0.1ms)[0m  [1m[34mSELECT "users".* FROM "users" WHERE "users"."id" = ? ORDER BY "users"."id" ASC LIMIT ?[0m  [["id", 2], ["LIMIT", 1]]
  ↳ app/views/welcome/index.html.erb:4
  Rendered welcome/index.html.erb within layouts/application (Duration: 1.3ms | Allocations: 929)
[Webpacker] Everything's up-to-date. Nothing to do
Completed 200 OK in 7ms (Views: 6.3ms | ActiveRecord: 0.1ms | Allocations: 4850)


Started DELETE "/users/sign_out" for ::1 at 2020-01-30 08:40:00 +0900
Processing by Devise::SessionsController#destroy as HTML
  Parameters: {"authenticity_token"=>"dLRuYOGZmZyyYvzJNVj5x+m8kGJ3t2DUSKSTVGkjW6DdoLZSg9ywIQCtKzru2yQFS+BHz+10vdq1cE70JIhXZg=="}
  [1m[36mUser Load (0.2ms)[0m  [1m[34mSELECT "users".* FROM "users" WHERE "users"."id" = ? ORDER BY "users"."id" ASC LIMIT ?[0m  [["id", 2], ["LIMIT", 1]]
Redirected to http://localhost:3000/
Completed 302 Found in 3ms (ActiveRecord: 0.2ms | Allocations: 2069)


Started GET "/" for ::1 at 2020-01-30 08:40:00 +0900
Processing by WelcomeController#index as HTML
  Rendering welcome/index.html.erb within layouts/application
  Rendered welcome/index.html.erb within layouts/application (Duration: 0.2ms | Allocations: 139)
[Webpacker] Everything's up-to-date. Nothing to do
Completed 200 OK in 5ms (Views: 4.8ms | ActiveRecord: 0.0ms | Allocations: 4058)


Started GET "/users/sign_in" for ::1 at 2020-01-30 08:40:03 +0900
Processing by Devise::SessionsController#new as HTML
  Rendering devise/sessions/new.html.erb within layouts/application
  Rendered devise/shared/_links.html.erb (Duration: 0.2ms | Allocations: 134)
  Rendered devise/sessions/new.html.erb within layouts/application (Duration: 2.0ms | Allocations: 1062)
[Webpacker] Everything's up-to-date. Nothing to do
Completed 200 OK in 9ms (Views: 7.7ms | ActiveRecord: 0.0ms | Allocations: 5230)


  [1m[35m (7.5ms)[0m  [1m[35mCREATE TABLE "schema_migrations" ("version" character varying NOT NULL PRIMARY KEY)[0m
  [1m[35m (5.5ms)[0m  [1m[35mCREATE TABLE "ar_internal_metadata" ("key" character varying NOT NULL PRIMARY KEY, "value" character varying, "created_at" timestamp(6) NOT NULL, "updated_at" timestamp(6) NOT NULL)[0m
  [1m[35m (1.2ms)[0m  [1m[34mSELECT pg_try_advisory_lock(6937472783054606940)[0m
  [1m[35m (1.5ms)[0m  [1m[34mSELECT "schema_migrations"."version" FROM "schema_migrations" ORDER BY "schema_migrations"."version" ASC[0m
Migrating to DeviseCreateUsers (20200129145620)
  [1m[35m (1.4ms)[0m  [1m[35mBEGIN[0m
  [1m[35m (6.4ms)[0m  [1m[35mCREATE TABLE "users" ("id" bigserial primary key, "email" character varying DEFAULT '' NOT NULL, "encrypted_password" character varying DEFAULT '' NOT NULL, "reset_password_token" character varying, "reset_password_sent_at" timestamp, "remember_created_at" timestamp, "created_at" timestamp(6) NOT NULL, "updated_at" timestamp(6) NOT NULL)[0m
  [1m[35m (2.8ms)[0m  [1m[35mCREATE UNIQUE INDEX  "index_users_on_email" ON "users"  ("email")[0m
  [1m[35m (3.0ms)[0m  [1m[35mCREATE UNIQUE INDEX  "index_users_on_reset_password_token" ON "users"  ("reset_password_token")[0m
  [1m[36mprimary::SchemaMigration Create (1.8ms)[0m  [1m[32mINSERT INTO "schema_migrations" ("version") VALUES ($1) RETURNING "version"[0m  [["version", "20200129145620"]]
  [1m[35m (1.7ms)[0m  [1m[35mCOMMIT[0m
  [1m[36mActiveRecord::InternalMetadata Load (1.3ms)[0m  [1m[34mSELECT "ar_internal_metadata".* FROM "ar_internal_metadata" WHERE "ar_internal_metadata"."key" = $1 LIMIT $2[0m  [["key", "environment"], ["LIMIT", 1]]
  [1m[35m (1.1ms)[0m  [1m[35mBEGIN[0m
  [1m[36mActiveRecord::InternalMetadata Create (1.5ms)[0m  [1m[32mINSERT INTO "ar_internal_metadata" ("key", "value", "created_at", "updated_at") VALUES ($1, $2, $3, $4) RETURNING "key"[0m  [["key", "environment"], ["value", "development"], ["created_at", "2020-01-30 02:03:12.334707"], ["updated_at", "2020-01-30 02:03:12.334707"]]
  [1m[35m (1.8ms)[0m  [1m[35mCOMMIT[0m
  [1m[35m (1.2ms)[0m  [1m[34mSELECT pg_advisory_unlock(6937472783054606940)[0m
  [1m[35m (1.4ms)[0m  [1m[34mSELECT "schema_migrations"."version" FROM "schema_migrations" ORDER BY "schema_migrations"."version" ASC[0m
